This file contains any messages produced by compilers while
running configure, to aid debugging if configure makes a mistake.

It was created by Ice Sheet System Model (ISSM) configure 4.12, which was
generated by GNU Autoconf 2.69.  Invocation command line was

  $ ./configure --with-mpi-include=/usr/include/mpich --with-mpi-libflags=-L/usr/lib/x86_64-linux-gnu -lmpichcxx -lmpichfort -lmpich -ldl -lrt -lpthread --with-blas-lapack-dir=/home/pf4d/local/openblas --with-boost-dir=/home/pf4d/local/boost-1.67.0 --with-python-dir=/home/pf4d/local/python-2.7.15 --with-fortran-lib=-L/usr/lib/x86_64-linux-gnu -lgfortran --with-python-numpy-dir=/home/pf4d/local/python-2.7.15/lib/python2.7/site-packages/numpy --with-m1qn3-dir=/home/pf4d/software/issm/trunk/externalpackages/m1qn3/install --with-triangle-dir=/home/pf4d/software/issm/trunk/externalpackages/triangle/install --with-petsc-dir=/home/pf4d/local/petsc-3.7.6 --with-scalapack-dir=/home/pf4d/local/petsc-3.7.6 --with-mumps-dir=/home/pf4d/local/petsc-3.7.6 --with-metis-dir=/home/pf4d/local/petsc-3.7.6 --with-numthreads=5 --prefix=/home/pf4d/local/issm-4.12 CFLAGS=-O3 CXXFLAGS=-O3 -std=c++11 FFLAGS=-O3 CC=mpicc CXX=mpicxx F77=mpifort

## --------- ##
## Platform. ##
## --------- ##

hostname = torch
uname -m = x86_64
uname -r = 4.15.0-34-generic
uname -s = Linux
uname -v = #37-Ubuntu SMP Mon Aug 27 15:21:48 UTC 2018

/usr/bin/uname -p = unknown
/bin/uname -X     = unknown

/bin/arch              = unknown
/usr/bin/arch -k       = unknown
/usr/convex/getsysinfo = unknown
/usr/bin/hostinfo      = unknown
/bin/machine           = unknown
/usr/bin/oslevel       = unknown
/bin/universe          = unknown

PATH: /home/pf4d/gems/bin
PATH: /home/pf4d/local/grass-7.4.1/bin
PATH: /home/pf4d/local/gdal-2.3.1/bin
PATH: /home/pf4d/local/proj4-5.2.0/bin
PATH: /home/pf4d/local/paraview-5.5.2/bin
PATH: /home/pf4d/local/gmsh/bin
PATH: /home/pf4d/local/fltk-1.3.4/bin
PATH: /home/pf4d/local/netcdf4-4.6.1/bin
PATH: /home/pf4d/local/hdf5-1.10.2/bin
PATH: /home/pf4d/local/swig-3.0.12/bin
PATH: /home/pf4d/local/cmake-3.11.1/bin
PATH: /home/pf4d/local/python-2.7.15/bin
PATH: /home/pf4d/local/libarchive-3.3.2/bin
PATH: /home/pf4d/local/dolfin-2017.2.0.post0/bin
PATH: /home/pf4d/.local/bin
PATH: /home/pf4d/gems/bin
PATH: /home/pf4d/local/paraview-5.5.2/bin
PATH: /home/pf4d/local/gmsh/bin
PATH: /home/pf4d/local/fltk-1.3.4/bin
PATH: /home/pf4d/local/netcdf4-4.6.1/bin
PATH: /home/pf4d/local/hdf5-1.10.2/bin
PATH: /home/pf4d/local/swig-3.0.12/bin
PATH: /home/pf4d/local/cmake-3.11.1/bin
PATH: /home/pf4d/local/python-2.7.15/bin
PATH: /home/pf4d/local/libarchive-3.3.2/bin
PATH: /home/pf4d/local/dolfin-2017.2.0.post0/bin
PATH: /usr/local/sbin
PATH: /usr/local/bin
PATH: /usr/sbin
PATH: /usr/bin
PATH: /sbin
PATH: /bin
PATH: /usr/games
PATH: /usr/local/games
PATH: /snap/bin


## ----------- ##
## Core tests. ##
## ----------- ##

configure:2927: ============================================================================
configure:2929: =              Ice Sheet System Model (ISSM) 4.12 configuration            =
configure:2931: ============================================================================
configure:2939: checking build system type
configure:2953: result: x86_64-pc-linux-gnu
configure:2973: checking host system type
configure:2986: result: x86_64-pc-linux-gnu
configure:3006: checking target system type
configure:3019: result: x86_64-pc-linux-gnu
configure:3159: checking for C compiler version
configure:3168: mpicc --version >&5
gcc (Ubuntu 7.3.0-16ubuntu3) 7.3.0
Copyright (C) 2017 Free Software Foundation, Inc.
This is free software; see the source for copying conditions.  There is NO
warranty; not even for MERCHANTABILITY or FITNESS FOR A PARTICULAR PURPOSE.

configure:3179: $? = 0
configure:3168: mpicc -v >&5
mpicc for MPICH version 3.3a2
Using built-in specs.
COLLECT_GCC=gcc
COLLECT_LTO_WRAPPER=/usr/lib/gcc/x86_64-linux-gnu/7/lto-wrapper
OFFLOAD_TARGET_NAMES=nvptx-none
OFFLOAD_TARGET_DEFAULT=1
Target: x86_64-linux-gnu
Configured with: ../src/configure -v --with-pkgversion='Ubuntu 7.3.0-16ubuntu3' --with-bugurl=file:///usr/share/doc/gcc-7/README.Bugs --enable-languages=c,ada,c++,go,brig,d,fortran,objc,obj-c++ --prefix=/usr --with-gcc-major-version-only --with-as=/usr/bin/x86_64-linux-gnu-as --with-ld=/usr/bin/x86_64-linux-gnu-ld --program-suffix=-7 --program-prefix=x86_64-linux-gnu- --enable-shared --enable-linker-build-id --libexecdir=/usr/lib --without-included-gettext --enable-threads=posix --libdir=/usr/lib --enable-nls --with-sysroot=/ --enable-clocale=gnu --enable-libstdcxx-debug --enable-libstdcxx-time=yes --with-default-libstdcxx-abi=new --enable-gnu-unique-object --disable-vtable-verify --enable-libmpx --enable-plugin --enable-default-pie --with-system-zlib --with-target-system-zlib --enable-objc-gc=auto --enable-multiarch --disable-werror --with-arch-32=i686 --with-abi=m64 --with-multilib-list=m32,m64,mx32 --enable-multilib --with-tune=generic --enable-offload-targets=nvptx-none --without-cuda-driver --enable-checking=release --build=x86_64-linux-gnu --host=x86_64-linux-gnu --target=x86_64-linux-gnu
Thread model: posix
gcc version 7.3.0 (Ubuntu 7.3.0-16ubuntu3) 
configure:3179: $? = 0
configure:3168: mpicc -V >&5
gcc: error: unrecognized command line option '-V'
configure:3179: $? = 1
configure:3168: mpicc -qversion >&5
gcc: error: unrecognized command line option '-qversion'; did you mean '--version'?
configure:3179: $? = 1
configure:3199: checking whether the C compiler works
configure:3221: mpicc -O3   conftest.c  >&5
configure:3225: $? = 0
configure:3273: result: yes
configure:3276: checking for C compiler default output file name
configure:3278: result: a.out
configure:3284: checking for suffix of executables
configure:3291: mpicc -o conftest -O3   conftest.c  >&5
configure:3295: $? = 0
configure:3317: result: 
configure:3339: checking whether we are cross compiling
configure:3347: mpicc -o conftest -O3   conftest.c  >&5
configure:3351: $? = 0
configure:3358: ./conftest
configure:3362: $? = 0
configure:3377: result: no
configure:3382: checking for suffix of object files
configure:3404: mpicc -c -O3  conftest.c >&5
configure:3408: $? = 0
configure:3429: result: o
configure:3433: checking whether we are using the GNU C compiler
configure:3452: mpicc -c -O3  conftest.c >&5
configure:3452: $? = 0
configure:3461: result: yes
configure:3470: checking whether mpicc accepts -g
configure:3490: mpicc -c -g  conftest.c >&5
configure:3490: $? = 0
configure:3531: result: yes
configure:3548: checking for mpicc option to accept ISO C89
configure:3611: mpicc  -c -O3  conftest.c >&5
configure:3611: $? = 0
configure:3624: result: none needed
configure:3652: checking whether mpicc understands -c and -o together
configure:3674: mpicc -c conftest.c -o conftest2.o
configure:3677: $? = 0
configure:3674: mpicc -c conftest.c -o conftest2.o
configure:3677: $? = 0
configure:3689: result: yes
configure:3711: checking how to run the C preprocessor
configure:3742: mpicc -E  conftest.c
configure:3742: $? = 0
configure:3756: mpicc -E  conftest.c
conftest.c:9:10: fatal error: ac_nonexistent.h: No such file or directory
 #include <ac_nonexistent.h>
          ^~~~~~~~~~~~~~~~~~
compilation terminated.
configure:3756: $? = 1
configure: failed program was:
| /* confdefs.h */
| #define PACKAGE_NAME "Ice Sheet System Model (ISSM)"
| #define PACKAGE_TARNAME "issm"
| #define PACKAGE_VERSION "4.12"
| #define PACKAGE_STRING "Ice Sheet System Model (ISSM) 4.12"
| #define PACKAGE_BUGREPORT "issm@jpl.nasa.gov"
| #define PACKAGE_URL "http://issm.jpl.nasa.gov"
| /* end confdefs.h.  */
| #include <ac_nonexistent.h>
configure:3781: result: mpicc -E
configure:3801: mpicc -E  conftest.c
configure:3801: $? = 0
configure:3815: mpicc -E  conftest.c
conftest.c:9:10: fatal error: ac_nonexistent.h: No such file or directory
 #include <ac_nonexistent.h>
          ^~~~~~~~~~~~~~~~~~
compilation terminated.
configure:3815: $? = 1
configure: failed program was:
| /* confdefs.h */
| #define PACKAGE_NAME "Ice Sheet System Model (ISSM)"
| #define PACKAGE_TARNAME "issm"
| #define PACKAGE_VERSION "4.12"
| #define PACKAGE_STRING "Ice Sheet System Model (ISSM) 4.12"
| #define PACKAGE_BUGREPORT "issm@jpl.nasa.gov"
| #define PACKAGE_URL "http://issm.jpl.nasa.gov"
| /* end confdefs.h.  */
| #include <ac_nonexistent.h>
configure:3955: checking for C++ compiler version
configure:3964: mpicxx --version >&5
g++ (Ubuntu 7.3.0-16ubuntu3) 7.3.0
Copyright (C) 2017 Free Software Foundation, Inc.
This is free software; see the source for copying conditions.  There is NO
warranty; not even for MERCHANTABILITY or FITNESS FOR A PARTICULAR PURPOSE.

configure:3975: $? = 0
configure:3964: mpicxx -v >&5
mpicxx for MPICH version 3.3a2
Using built-in specs.
COLLECT_GCC=g++
COLLECT_LTO_WRAPPER=/usr/lib/gcc/x86_64-linux-gnu/7/lto-wrapper
OFFLOAD_TARGET_NAMES=nvptx-none
OFFLOAD_TARGET_DEFAULT=1
Target: x86_64-linux-gnu
Configured with: ../src/configure -v --with-pkgversion='Ubuntu 7.3.0-16ubuntu3' --with-bugurl=file:///usr/share/doc/gcc-7/README.Bugs --enable-languages=c,ada,c++,go,brig,d,fortran,objc,obj-c++ --prefix=/usr --with-gcc-major-version-only --with-as=/usr/bin/x86_64-linux-gnu-as --with-ld=/usr/bin/x86_64-linux-gnu-ld --program-suffix=-7 --program-prefix=x86_64-linux-gnu- --enable-shared --enable-linker-build-id --libexecdir=/usr/lib --without-included-gettext --enable-threads=posix --libdir=/usr/lib --enable-nls --with-sysroot=/ --enable-clocale=gnu --enable-libstdcxx-debug --enable-libstdcxx-time=yes --with-default-libstdcxx-abi=new --enable-gnu-unique-object --disable-vtable-verify --enable-libmpx --enable-plugin --enable-default-pie --with-system-zlib --with-target-system-zlib --enable-objc-gc=auto --enable-multiarch --disable-werror --with-arch-32=i686 --with-abi=m64 --with-multilib-list=m32,m64,mx32 --enable-multilib --with-tune=generic --enable-offload-targets=nvptx-none --without-cuda-driver --enable-checking=release --build=x86_64-linux-gnu --host=x86_64-linux-gnu --target=x86_64-linux-gnu
Thread model: posix
gcc version 7.3.0 (Ubuntu 7.3.0-16ubuntu3) 
configure:3975: $? = 0
configure:3964: mpicxx -V >&5
g++: error: unrecognized command line option '-V'
configure:3975: $? = 1
configure:3964: mpicxx -qversion >&5
g++: error: unrecognized command line option '-qversion'; did you mean '--version'?
configure:3975: $? = 1
configure:3979: checking whether we are using the GNU C++ compiler
configure:3998: mpicxx -c -O3 -std=c++11  conftest.cpp >&5
configure:3998: $? = 0
configure:4007: result: yes
configure:4016: checking whether mpicxx accepts -g
configure:4036: mpicxx -c -g  conftest.cpp >&5
configure:4036: $? = 0
configure:4077: result: yes
configure:4206: checking for Fortran 77 compiler version
configure:4215: mpifort --version >&5
GNU Fortran (Ubuntu 7.3.0-16ubuntu3) 7.3.0
Copyright (C) 2017 Free Software Foundation, Inc.
This is free software; see the source for copying conditions.  There is NO
warranty; not even for MERCHANTABILITY or FITNESS FOR A PARTICULAR PURPOSE.

configure:4226: $? = 0
configure:4215: mpifort -v >&5
mpifort for MPICH version 3.3a2
Using built-in specs.
COLLECT_GCC=gfortran
COLLECT_LTO_WRAPPER=/usr/lib/gcc/x86_64-linux-gnu/7/lto-wrapper
OFFLOAD_TARGET_NAMES=nvptx-none
OFFLOAD_TARGET_DEFAULT=1
Target: x86_64-linux-gnu
Configured with: ../src/configure -v --with-pkgversion='Ubuntu 7.3.0-16ubuntu3' --with-bugurl=file:///usr/share/doc/gcc-7/README.Bugs --enable-languages=c,ada,c++,go,brig,d,fortran,objc,obj-c++ --prefix=/usr --with-gcc-major-version-only --with-as=/usr/bin/x86_64-linux-gnu-as --with-ld=/usr/bin/x86_64-linux-gnu-ld --program-suffix=-7 --program-prefix=x86_64-linux-gnu- --enable-shared --enable-linker-build-id --libexecdir=/usr/lib --without-included-gettext --enable-threads=posix --libdir=/usr/lib --enable-nls --with-sysroot=/ --enable-clocale=gnu --enable-libstdcxx-debug --enable-libstdcxx-time=yes --with-default-libstdcxx-abi=new --enable-gnu-unique-object --disable-vtable-verify --enable-libmpx --enable-plugin --enable-default-pie --with-system-zlib --with-target-system-zlib --enable-objc-gc=auto --enable-multiarch --disable-werror --with-arch-32=i686 --with-abi=m64 --with-multilib-list=m32,m64,mx32 --enable-multilib --with-tune=generic --enable-offload-targets=nvptx-none --without-cuda-driver --enable-checking=release --build=x86_64-linux-gnu --host=x86_64-linux-gnu --target=x86_64-linux-gnu
Thread model: posix
gcc version 7.3.0 (Ubuntu 7.3.0-16ubuntu3) 
configure:4226: $? = 0
configure:4215: mpifort -V >&5
gfortran: error: unrecognized command line option '-V'
configure:4226: $? = 1
configure:4215: mpifort -qversion >&5
gfortran: error: unrecognized command line option '-qversion'; did you mean '--version'?
configure:4226: $? = 1
configure:4235: checking whether we are using the GNU Fortran 77 compiler
configure:4248: mpifort -c -O3 conftest.F >&5
configure:4248: $? = 0
configure:4257: result: yes
configure:4263: checking whether mpifort accepts -g
configure:4274: mpifort -c -g conftest.f >&5
configure:4274: $? = 0
configure:4282: result: yes
configure:4330: checking for a BSD-compatible install
configure:4398: result: /usr/bin/install -c
configure:4409: checking whether build environment is sane
configure:4464: result: yes
configure:4612: checking for a thread-safe mkdir -p
configure:4651: result: /bin/mkdir -p
configure:4658: checking for gawk
configure:4674: found /usr/bin/gawk
configure:4685: result: gawk
configure:4696: checking whether make sets $(MAKE)
configure:4718: result: yes
configure:4748: checking for style of include used by make
configure:4776: result: GNU
configure:4810: checking whether make supports nested variables
configure:4827: result: yes
configure:4912: checking dependency style of mpicc
configure:5023: result: gcc3
configure:5040: checking dependency style of mpicxx
configure:5151: result: gcc3
configure:5222: checking whether make supports nested variables
configure:5239: result: yes
configure:5300: checking for ar
configure:5316: found /usr/bin/ar
configure:5327: result: ar
configure:5353: checking the archiver (ar) interface
configure:5363: mpicc -c -O3  conftest.c >&5
configure:5363: $? = 0
configure:5365: ar cru libconftest.a conftest.o >&5
ar: `u' modifier ignored since `D' is the default (see `U')
configure:5368: $? = 0
configure:5391: result: ar
configure:5459: checking how to print strings
configure:5486: result: printf
configure:5507: checking for a sed that does not truncate output
configure:5571: result: /bin/sed
configure:5589: checking for grep that handles long lines and -e
configure:5647: result: /bin/grep
configure:5652: checking for egrep
configure:5714: result: /bin/grep -E
configure:5719: checking for fgrep
configure:5781: result: /bin/grep -F
configure:5816: checking for ld used by mpicc
configure:5883: result: /usr/bin/x86_64-linux-gnu-ld
configure:5890: checking if the linker (/usr/bin/x86_64-linux-gnu-ld) is GNU ld
configure:5905: result: yes
configure:5917: checking for BSD- or MS-compatible name lister (nm)
configure:5971: result: /usr/bin/nm -B
configure:6101: checking the name lister (/usr/bin/nm -B) interface
configure:6108: mpicc -c -O3  conftest.c >&5
configure:6111: /usr/bin/nm -B "conftest.o"
configure:6114: output
0000000000000000 B some_variable
configure:6121: result: BSD nm
configure:6124: checking whether ln -s works
configure:6128: result: yes
configure:6136: checking the maximum length of command line arguments
configure:6267: result: 1572864
configure:6315: checking how to convert x86_64-pc-linux-gnu file names to x86_64-pc-linux-gnu format
configure:6355: result: func_convert_file_noop
configure:6362: checking how to convert x86_64-pc-linux-gnu file names to toolchain format
configure:6382: result: func_convert_file_noop
configure:6389: checking for /usr/bin/x86_64-linux-gnu-ld option to reload object files
configure:6396: result: -r
configure:6470: checking for objdump
configure:6486: found /usr/bin/objdump
configure:6497: result: objdump
configure:6529: checking how to recognize dependent libraries
configure:6729: result: pass_all
configure:6814: checking for dlltool
configure:6844: result: no
configure:6874: checking how to associate runtime and link libraries
configure:6901: result: printf %s\n
configure:7025: checking for archiver @FILE support
configure:7042: mpicc -c -O3  conftest.c >&5
configure:7042: $? = 0
configure:7045: ar cru libconftest.a @conftest.lst >&5
ar: `u' modifier ignored since `D' is the default (see `U')
configure:7048: $? = 0
configure:7053: ar cru libconftest.a @conftest.lst >&5
ar: `u' modifier ignored since `D' is the default (see `U')
ar: conftest.o: No such file or directory
configure:7056: $? = 1
configure:7068: result: @
configure:7126: checking for strip
configure:7142: found /usr/bin/strip
configure:7153: result: strip
configure:7225: checking for ranlib
configure:7241: found /usr/bin/ranlib
configure:7252: result: ranlib
configure:7354: checking command to parse /usr/bin/nm -B output from mpicc object
configure:7507: mpicc -c -O3  conftest.c >&5
configure:7510: $? = 0
configure:7514: /usr/bin/nm -B conftest.o \| sed -n -e 's/^.*[ ]\([ABCDGIRSTW][ABCDGIRSTW]*\)[ ][ ]*\([_A-Za-z][_A-Za-z0-9]*\)$/\1 \2 \2/p' | sed '/ __gnu_lto/d' \> conftest.nm
configure:7517: $? = 0
configure:7583: mpicc -o conftest -O3   conftest.c conftstm.o >&5
configure:7586: $? = 0
configure:7624: result: ok
configure:7671: checking for sysroot
configure:7701: result: no
configure:7708: checking for a working dd
configure:7746: result: /bin/dd
configure:7750: checking how to truncate binary pipes
configure:7765: result: /bin/dd bs=4096 count=1
configure:7901: mpicc -c -O3  conftest.c >&5
configure:7904: $? = 0
configure:8094: checking for mt
configure:8110: found /bin/mt
configure:8121: result: mt
configure:8144: checking if mt is a manifest tool
configure:8150: mt '-?'
configure:8158: result: no
configure:8831: checking for ANSI C header files
configure:8851: mpicc -c -O3  conftest.c >&5
configure:8851: $? = 0
configure:8924: mpicc -o conftest -O3   conftest.c  >&5
configure:8924: $? = 0
configure:8924: ./conftest
configure:8924: $? = 0
configure:8935: result: yes
configure:8948: checking for sys/types.h
configure:8948: mpicc -c -O3  conftest.c >&5
configure:8948: $? = 0
configure:8948: result: yes
configure:8948: checking for sys/stat.h
configure:8948: mpicc -c -O3  conftest.c >&5
configure:8948: $? = 0
configure:8948: result: yes
configure:8948: checking for stdlib.h
configure:8948: mpicc -c -O3  conftest.c >&5
configure:8948: $? = 0
configure:8948: result: yes
configure:8948: checking for string.h
configure:8948: mpicc -c -O3  conftest.c >&5
configure:8948: $? = 0
configure:8948: result: yes
configure:8948: checking for memory.h
configure:8948: mpicc -c -O3  conftest.c >&5
configure:8948: $? = 0
configure:8948: result: yes
configure:8948: checking for strings.h
configure:8948: mpicc -c -O3  conftest.c >&5
configure:8948: $? = 0
configure:8948: result: yes
configure:8948: checking for inttypes.h
configure:8948: mpicc -c -O3  conftest.c >&5
configure:8948: $? = 0
configure:8948: result: yes
configure:8948: checking for stdint.h
configure:8948: mpicc -c -O3  conftest.c >&5
configure:8948: $? = 0
configure:8948: result: yes
configure:8948: checking for unistd.h
configure:8948: mpicc -c -O3  conftest.c >&5
configure:8948: $? = 0
configure:8948: result: yes
configure:8962: checking for dlfcn.h
configure:8962: mpicc -c -O3  conftest.c >&5
configure:8962: $? = 0
configure:8962: result: yes
configure:9230: checking for objdir
configure:9245: result: .libs
configure:9509: checking if mpicc supports -fno-rtti -fno-exceptions
configure:9527: mpicc -c -O3  -fno-rtti -fno-exceptions conftest.c >&5
cc1: warning: command line option '-fno-rtti' is valid for C++/ObjC++ but not for C
configure:9531: $? = 0
configure:9544: result: no
configure:9902: checking for mpicc option to produce PIC
configure:9909: result: -fPIC -DPIC
configure:9917: checking if mpicc PIC flag -fPIC -DPIC works
configure:9935: mpicc -c -O3  -fPIC -DPIC -DPIC conftest.c >&5
configure:9939: $? = 0
configure:9952: result: yes
configure:9981: checking if mpicc static flag -static works
configure:10009: result: no
configure:10024: checking if mpicc supports -c -o file.o
configure:10045: mpicc -c -O3  -o out/conftest2.o conftest.c >&5
configure:10049: $? = 0
configure:10071: result: yes
configure:10079: checking if mpicc supports -c -o file.o
configure:10126: result: yes
configure:10159: checking whether the mpicc linker (/usr/bin/x86_64-linux-gnu-ld -m elf_x86_64) supports shared libraries
configure:11422: result: yes
configure:11459: checking whether -lc should be explicitly linked in
configure:11467: mpicc -c -O3  conftest.c >&5
configure:11470: $? = 0
configure:11485: mpicc -shared  -fPIC -DPIC conftest.o  -v -Wl,-soname -Wl,conftest -o conftest 2\>\&1 \| /bin/grep  -lc  \>/dev/null 2\>\&1
configure:11488: $? = 0
configure:11502: result: no
configure:11662: checking dynamic linker characteristics
configure:12243: mpicc -o conftest -O3   -Wl,-rpath -Wl,/foo conftest.c  >&5
configure:12243: $? = 0
configure:12492: result: GNU/Linux ld.so
configure:12614: checking how to hardcode library paths into programs
configure:12639: result: immediate
configure:13187: checking whether stripping libraries is possible
configure:13192: result: yes
configure:13227: checking if libtool supports shared libraries
configure:13229: result: yes
configure:13232: checking whether to build shared libraries
configure:13257: result: yes
configure:13260: checking whether to build static libraries
configure:13264: result: yes
configure:13287: checking how to run the C++ preprocessor
configure:13314: mpicxx -E  conftest.cpp
configure:13314: $? = 0
configure:13328: mpicxx -E  conftest.cpp
conftest.cpp:23:10: fatal error: ac_nonexistent.h: No such file or directory
 #include <ac_nonexistent.h>
          ^~~~~~~~~~~~~~~~~~
compilation terminated.
configure:13328: $? = 1
configure: failed program was:
| /* confdefs.h */
| #define PACKAGE_NAME "Ice Sheet System Model (ISSM)"
| #define PACKAGE_TARNAME "issm"
| #define PACKAGE_VERSION "4.12"
| #define PACKAGE_STRING "Ice Sheet System Model (ISSM) 4.12"
| #define PACKAGE_BUGREPORT "issm@jpl.nasa.gov"
| #define PACKAGE_URL "http://issm.jpl.nasa.gov"
| #define PACKAGE "issm"
| #define VERSION "4.12"
| #define STDC_HEADERS 1
| #define HAVE_SYS_TYPES_H 1
| #define HAVE_SYS_STAT_H 1
| #define HAVE_STDLIB_H 1
| #define HAVE_STRING_H 1
| #define HAVE_MEMORY_H 1
| #define HAVE_STRINGS_H 1
| #define HAVE_INTTYPES_H 1
| #define HAVE_STDINT_H 1
| #define HAVE_UNISTD_H 1
| #define HAVE_DLFCN_H 1
| #define LT_OBJDIR ".libs/"
| /* end confdefs.h.  */
| #include <ac_nonexistent.h>
configure:13353: result: mpicxx -E
configure:13373: mpicxx -E  conftest.cpp
configure:13373: $? = 0
configure:13387: mpicxx -E  conftest.cpp
conftest.cpp:23:10: fatal error: ac_nonexistent.h: No such file or directory
 #include <ac_nonexistent.h>
          ^~~~~~~~~~~~~~~~~~
compilation terminated.
configure:13387: $? = 1
configure: failed program was:
| /* confdefs.h */
| #define PACKAGE_NAME "Ice Sheet System Model (ISSM)"
| #define PACKAGE_TARNAME "issm"
| #define PACKAGE_VERSION "4.12"
| #define PACKAGE_STRING "Ice Sheet System Model (ISSM) 4.12"
| #define PACKAGE_BUGREPORT "issm@jpl.nasa.gov"
| #define PACKAGE_URL "http://issm.jpl.nasa.gov"
| #define PACKAGE "issm"
| #define VERSION "4.12"
| #define STDC_HEADERS 1
| #define HAVE_SYS_TYPES_H 1
| #define HAVE_SYS_STAT_H 1
| #define HAVE_STDLIB_H 1
| #define HAVE_STRING_H 1
| #define HAVE_MEMORY_H 1
| #define HAVE_STRINGS_H 1
| #define HAVE_INTTYPES_H 1
| #define HAVE_STDINT_H 1
| #define HAVE_UNISTD_H 1
| #define HAVE_DLFCN_H 1
| #define LT_OBJDIR ".libs/"
| /* end confdefs.h.  */
| #include <ac_nonexistent.h>
configure:13549: checking for ld used by mpicxx
configure:13616: result: /usr/bin/x86_64-linux-gnu-ld -m elf_x86_64
configure:13623: checking if the linker (/usr/bin/x86_64-linux-gnu-ld -m elf_x86_64) is GNU ld
configure:13638: result: yes
configure:13693: checking whether the mpicxx linker (/usr/bin/x86_64-linux-gnu-ld -m elf_x86_64) supports shared libraries
configure:14766: result: yes
configure:14802: mpicxx -c -O3 -std=c++11  conftest.cpp >&5
configure:14805: $? = 0
configure:15286: checking for mpicxx option to produce PIC
configure:15293: result: -fPIC -DPIC
configure:15301: checking if mpicxx PIC flag -fPIC -DPIC works
configure:15319: mpicxx -c -O3 -std=c++11  -fPIC -DPIC -DPIC conftest.cpp >&5
configure:15323: $? = 0
configure:15336: result: yes
configure:15359: checking if mpicxx static flag -static works
configure:15387: result: no
configure:15399: checking if mpicxx supports -c -o file.o
configure:15420: mpicxx -c -O3 -std=c++11  -o out/conftest2.o conftest.cpp >&5
configure:15424: $? = 0
configure:15446: result: yes
configure:15451: checking if mpicxx supports -c -o file.o
configure:15498: result: yes
configure:15528: checking whether the mpicxx linker (/usr/bin/x86_64-linux-gnu-ld -m elf_x86_64) supports shared libraries
configure:15571: result: yes
configure:15712: checking dynamic linker characteristics
configure:16469: result: GNU/Linux ld.so
configure:16534: checking how to hardcode library paths into programs
configure:16559: result: immediate
configure:16700: checking if libtool supports shared libraries
configure:16702: result: yes
configure:16705: checking whether to build shared libraries
configure:16729: result: yes
configure:16732: checking whether to build static libraries
configure:16736: result: yes
configure:17088: checking for mpifort option to produce PIC
configure:17095: result: -fPIC
configure:17103: checking if mpifort PIC flag -fPIC works
configure:17121: mpifort -c -O3 -fPIC conftest.f >&5
configure:17125: $? = 0
configure:17138: result: yes
configure:17161: checking if mpifort static flag -static works
configure:17189: result: no
configure:17201: checking if mpifort supports -c -o file.o
configure:17222: mpifort -c -O3 -o out/conftest2.o conftest.f >&5
configure:17226: $? = 0
configure:17248: result: yes
configure:17253: checking if mpifort supports -c -o file.o
configure:17300: result: yes
configure:17330: checking whether the mpifort linker (/usr/bin/x86_64-linux-gnu-ld -m elf_x86_64) supports shared libraries
configure:18543: result: yes
configure:18684: checking dynamic linker characteristics
configure:19435: result: GNU/Linux ld.so
configure:19500: checking how to hardcode library paths into programs
configure:19525: result: immediate
configure:19581: ============================================================================
configure:19583: =                      Checking ISSM specific options                      =
configure:19585: ============================================================================
configure:19593: checking for date
configure:19611: found /bin/date
configure:19623: result: /bin/date
configure:19634: checking for build date
configure:19646: result: Thu Sep 20 16:37:12 CEST 2018
configure:19649: checking user name
configure:19667: result: pf4d
configure:19670: checking host full OS name and version
configure:19680: result: linux
configure:19683: checking host cpu
configure:19690: result: x86_64
configure:19693: checking vendor
configure:19700: result: pc
configure:19703: checking host OS name
configure:19714: result: linux
configure:19717: checking host OS version
configure:19729: result: 4.15.0-34-generic
configure:19733: checking host OS architecture
configure:19747: result: x86_64
configure:19757: checking for debugging support
configure:19764: result: no
configure:19773: checking for development support
configure:19788: result: no
configure:19796: checking for standalone modules build
configure:19806: result: no
configure:19815: checking for standalone executables build
configure:19825: result: no
configure:19834: checking for standalone libraries build
configure:19844: result: no
configure:19867: checking for wrappers compilation
configure:19877: result: yes
configure:19889: checking for vendor compilers
configure:19976: result: done
configure:19987: checking whether matlab is enabled
configure:20000: result: no
configure:20071: checking Checking if this is a Win build... 
configure:20081: result: done
configure:20092: checking for javascript
configure:20102: result: no
configure:20124: checking for triangle
configure:20137: result: yes
configure:20186: checking for boost
configure:20196: result: yes
configure:20225: checking for dakota
configure:20235: result: no
configure:20417: checking for python
configure:20428: result: yes
configure:20440: checking for python version
configure:20443: result: 2.7
configure:20458: checking for python header file Python.h
configure:20468: result: found
configure:20510: checking for python-numpy
configure:20520: result: yes
configure:20539: checking for chaco
configure:20549: result: no
configure:20578: checking for scotch
configure:20588: result: no
configure:20617: checking for esmf
configure:20627: result: no
configure:20656: checking for adolc
configure:20666: result: no
configure:20700: checking for adolc-version
configure:20708: result: 2
configure:20719: checking for adic2
configure:20729: result: no
configure:20758: checking for atlas and cblas libraries
configure:20768: result: no
configure:20797: checking for gsl
configure:20807: result: no
configure:20840: checking for ampi
configure:20850: result: no
configure:20882: checking for rose
configure:20892: result: no
configure:20912: checking for mpi
configure:20988: result: yes
configure:20999: checking for petsc
configure:21009: result: yes
configure:21021: checking for petsc version
configure:21038: result: 3.7
configure:21044: checking whether petsc is the development version
configure:21053: result: no
configure:21066: checking for petsc headers and libraries in /home/pf4d/local/petsc-3.7.6
configure:21105: result: done
configure:21223: checking for tao
configure:21231: result: yes
configure:21265: checking for m1qn3
configure:21275: result: yes
configure:21294: checking for proj.4
configure:21304: result: no
configure:21333: checking for slepc
configure:21343: result: no
configure:21364: checking for shapelib
configure:21374: result: no
configure:21395: checking for scalapack
configure:21405: result: yes
configure:21428: checking for blas-lapack
configure:21438: result: yes
configure:21473: checking for mkl
configure:21486: result: no
configure:21488: checking for plapack
configure:21526: result: no
configure:21537: checking for mumps
configure:21547: result: yes
configure:21580: checking for blacs
configure:21590: result: no
configure:21615: checking for hypre
configure:21625: result: no
configure:21646: checking for prometheus
configure:21656: result: no
configure:21677: checking for spai
configure:21687: result: no
configure:21708: checking for superlu
configure:21718: result: no
configure:21739: checking for spooles
configure:21749: result: no
configure:21770: checking for pastix
configure:21780: result: no
configure:21801: checking for ml
configure:21811: result: no
configure:21832: checking for umfpack
configure:21842: result: no
configure:21854: checking for math library
configure:21873: result: done
configure:21884: checking for math77
configure:21894: result: no
configure:21912: checking for fortran compilation
configure:21930: result: yes
configure:21934: checking for fortran library
configure:21963: result: done
configure:21966: checking for graphics library
configure:21994: result: done
configure:22005: checking for meteoio
configure:22015: result: no
configure:22045: checking for snowpack
configure:22055: result: no
configure:22085: checking for neopz
configure:22095: result: no
configure:22124: checking for bamg capability compilation
configure:22142: result: yes
configure:22152: checking for ice/ocean capability compilation
configure:22170: result: no
configure:22180: checking for kml capability compilation
configure:22198: result: yes
configure:22208: checking for kriging capability compilation
configure:22226: result: yes
configure:22240: checking for Smb capability compilation
configure:22265: result: yes
configure:22278: checking for AdjointBalancethickness capability compilation
configure:22303: result: yes
configure:22316: checking for AdjointBalancethickness2 capability compilation
configure:22341: result: yes
configure:22354: checking for AdjointHoriz capability compilation
configure:22379: result: yes
configure:22392: checking for Balancethickness capability compilation
configure:22417: result: yes
configure:22430: checking for Balancethickness2 capability compilation
configure:22455: result: yes
configure:22468: checking for BalancethicknessSoft capability compilation
configure:22493: result: yes
configure:22506: checking for Balancevelocity capability compilation
configure:22531: result: yes
configure:22544: checking for L2ProjectionEPL capability compilation
configure:22569: result: yes
configure:22582: checking for L2ProjectionBase capability compilation
configure:22607: result: yes
configure:22620: checking for DamageEvolution capability compilation
configure:22645: result: yes
configure:22658: checking for Stressbalance capability compilation
configure:22683: result: yes
configure:22696: checking for StressbalanceSIA capability compilation
configure:22721: result: yes
configure:22734: checking for StressbalanceVertical capability compilation
configure:22759: result: yes
configure:22772: checking for Enthalpy capability compilation
configure:22797: result: yes
configure:22810: checking for HydrologyShreve capability compilation
configure:22835: result: yes
configure:22848: checking for HydrologyDCInefficient capability compilation
configure:22873: result: yes
configure:22886: checking for HydrologyDCEfficient capability compilation
configure:22911: result: yes
configure:22924: checking for HydrologySommers capability compilation
configure:22949: result: yes
configure:22962: checking for Melting capability compilation
configure:22987: result: yes
configure:23000: checking for Masstransport capability compilation
configure:23025: result: yes
configure:23038: checking for FreeSurfaceBase capability compilation
configure:23063: result: yes
configure:23076: checking for FreeSurfaceTop capability compilation
configure:23101: result: yes
configure:23114: checking for ExtrudeFromBase capability compilation
configure:23139: result: yes
configure:23152: checking for ExtrudeFromTop capability compilation
configure:23177: result: yes
configure:23190: checking for DepthAverage capability compilation
configure:23215: result: yes
configure:23228: checking for Sealevelrise capability compilation
configure:23253: result: yes
configure:23266: checking for Smooth capability compilation
configure:23291: result: yes
configure:23304: checking for Thermal capability compilation
configure:23329: result: yes
configure:23342: checking for UzawaPressure capability compilation
configure:23367: result: yes
configure:23380: checking for GiaIvins capability compilation
configure:23405: result: yes
configure:23418: checking for Esa capability compilation
configure:23443: result: yes
configure:23456: checking for Meshdeformation capability compilation
configure:23481: result: yes
configure:23494: checking for Levelset capability compilation
configure:23519: result: yes
configure:23532: checking for Extrapolation capability compilation
configure:23557: result: yes
configure:23571: checking for iOS compilation
configure:23593: result: no
configure:23603: checking for android capability compilation
configure:23650: result: no
configure:23660: checking with android ndk
configure:23674: result: no
configure:23685: checking for c++ optimization flags
configure:23688: result: done
configure:23699: checking for number of threads
configure:23727: result: 5
configure:23737: checking for 64 bit indices
configure:23749: result: 0
configure:23752: checking consistency between all libraries
configure:23782: result: done
configure:23900: checking that generated files are newer than configure
configure:23906: result: done
configure:24237: creating ./config.status

## ---------------------- ##
## Running config.status. ##
## ---------------------- ##

This file was extended by Ice Sheet System Model (ISSM) config.status 4.12, which was
generated by GNU Autoconf 2.69.  Invocation command line was

  CONFIG_FILES    = 
  CONFIG_HEADERS  = 
  CONFIG_LINKS    = 
  CONFIG_COMMANDS = 
  $ ./config.status 

on torch

config.status:1529: creating Makefile
config.status:1529: creating src/Makefile
config.status:1529: creating src/c/Makefile
config.status:1529: creating src/wrappers/Makefile
config.status:1529: creating src/wrappers/python/Makefile
config.status:1529: creating src/wrappers/matlab/Makefile
config.status:1529: creating src/wrappers/javascript/Makefile
config.status:1529: creating src/mobile/Makefile
config.status:1529: creating src/mobile/native/Makefile
config.status:1529: creating src/m/Makefile
config.status:1529: creating ./config.h
config.status:1758: executing depfiles commands
config.status:1758: executing libtool commands

## ---------------- ##
## Cache variables. ##
## ---------------- ##

ac_cv_build=x86_64-pc-linux-gnu
ac_cv_c_compiler_gnu=yes
ac_cv_cxx_compiler_gnu=yes
ac_cv_env_CCC_set=
ac_cv_env_CCC_value=
ac_cv_env_CC_set=set
ac_cv_env_CC_value=mpicc
ac_cv_env_CFLAGS_set=set
ac_cv_env_CFLAGS_value=-O3
ac_cv_env_CPPFLAGS_set=
ac_cv_env_CPPFLAGS_value=
ac_cv_env_CPP_set=
ac_cv_env_CPP_value=
ac_cv_env_CXXCPP_set=
ac_cv_env_CXXCPP_value=
ac_cv_env_CXXFLAGS_set=set
ac_cv_env_CXXFLAGS_value='-O3 -std=c++11'
ac_cv_env_CXX_set=set
ac_cv_env_CXX_value=mpicxx
ac_cv_env_F77_set=set
ac_cv_env_F77_value=mpifort
ac_cv_env_FFLAGS_set=set
ac_cv_env_FFLAGS_value=-O3
ac_cv_env_LDFLAGS_set=
ac_cv_env_LDFLAGS_value=
ac_cv_env_LIBS_set=
ac_cv_env_LIBS_value=
ac_cv_env_LT_SYS_LIBRARY_PATH_set=
ac_cv_env_LT_SYS_LIBRARY_PATH_value=
ac_cv_env_build_alias_set=
ac_cv_env_build_alias_value=
ac_cv_env_host_alias_set=
ac_cv_env_host_alias_value=
ac_cv_env_target_alias_set=
ac_cv_env_target_alias_value=
ac_cv_f77_compiler_gnu=yes
ac_cv_header_dlfcn_h=yes
ac_cv_header_inttypes_h=yes
ac_cv_header_memory_h=yes
ac_cv_header_stdc=yes
ac_cv_header_stdint_h=yes
ac_cv_header_stdlib_h=yes
ac_cv_header_string_h=yes
ac_cv_header_strings_h=yes
ac_cv_header_sys_stat_h=yes
ac_cv_header_sys_types_h=yes
ac_cv_header_unistd_h=yes
ac_cv_host=x86_64-pc-linux-gnu
ac_cv_objext=o
ac_cv_path_DATE=/bin/date
ac_cv_path_EGREP='/bin/grep -E'
ac_cv_path_FGREP='/bin/grep -F'
ac_cv_path_GREP=/bin/grep
ac_cv_path_SED=/bin/sed
ac_cv_path_install='/usr/bin/install -c'
ac_cv_path_lt_DD=/bin/dd
ac_cv_path_mkdir=/bin/mkdir
ac_cv_prog_AWK=gawk
ac_cv_prog_CPP='mpicc -E'
ac_cv_prog_CXXCPP='mpicxx -E'
ac_cv_prog_ac_ct_AR=ar
ac_cv_prog_ac_ct_MANIFEST_TOOL=mt
ac_cv_prog_ac_ct_OBJDUMP=objdump
ac_cv_prog_ac_ct_RANLIB=ranlib
ac_cv_prog_ac_ct_STRIP=strip
ac_cv_prog_cc_c89=
ac_cv_prog_cc_g=yes
ac_cv_prog_cxx_g=yes
ac_cv_prog_f77_g=yes
ac_cv_prog_make_make_set=yes
ac_cv_target=x86_64-pc-linux-gnu
am_cv_CC_dependencies_compiler_type=gcc3
am_cv_CXX_dependencies_compiler_type=gcc3
am_cv_ar_interface=ar
am_cv_make_support_nested_variables=yes
am_cv_prog_cc_c_o=yes
lt_cv_ar_at_file=@
lt_cv_archive_cmds_need_lc=no
lt_cv_deplibs_check_method=pass_all
lt_cv_file_magic_cmd='$MAGIC_CMD'
lt_cv_file_magic_test_file=
lt_cv_ld_reload_flag=-r
lt_cv_nm_interface='BSD nm'
lt_cv_objdir=.libs
lt_cv_path_LD=/usr/bin/x86_64-linux-gnu-ld
lt_cv_path_LDCXX='/usr/bin/x86_64-linux-gnu-ld -m elf_x86_64'
lt_cv_path_NM='/usr/bin/nm -B'
lt_cv_path_mainfest_tool=no
lt_cv_prog_compiler_c_o=yes
lt_cv_prog_compiler_c_o_CXX=yes
lt_cv_prog_compiler_c_o_F77=yes
lt_cv_prog_compiler_pic='-fPIC -DPIC'
lt_cv_prog_compiler_pic_CXX='-fPIC -DPIC'
lt_cv_prog_compiler_pic_F77=-fPIC
lt_cv_prog_compiler_pic_works=yes
lt_cv_prog_compiler_pic_works_CXX=yes
lt_cv_prog_compiler_pic_works_F77=yes
lt_cv_prog_compiler_rtti_exceptions=no
lt_cv_prog_compiler_static_works=no
lt_cv_prog_compiler_static_works_CXX=no
lt_cv_prog_compiler_static_works_F77=no
lt_cv_prog_gnu_ld=yes
lt_cv_prog_gnu_ldcxx=yes
lt_cv_sharedlib_from_linklib_cmd='printf %s\n'
lt_cv_shlibpath_overrides_runpath=yes
lt_cv_sys_global_symbol_pipe='sed -n -e '\''s/^.*[	 ]\([ABCDGIRSTW][ABCDGIRSTW]*\)[	 ][	 ]*\([_A-Za-z][_A-Za-z0-9]*\)$/\1 \2 \2/p'\'' | sed '\''/ __gnu_lto/d'\'''
lt_cv_sys_global_symbol_to_c_name_address='sed -n -e '\''s/^: \(.*\) .*$/  {"\1", (void *) 0},/p'\'' -e '\''s/^[ABCDGIRSTW][ABCDGIRSTW]* .* \(.*\)$/  {"\1", (void *) \&\1},/p'\'''
lt_cv_sys_global_symbol_to_c_name_address_lib_prefix='sed -n -e '\''s/^: \(.*\) .*$/  {"\1", (void *) 0},/p'\'' -e '\''s/^[ABCDGIRSTW][ABCDGIRSTW]* .* \(lib.*\)$/  {"\1", (void *) \&\1},/p'\'' -e '\''s/^[ABCDGIRSTW][ABCDGIRSTW]* .* \(.*\)$/  {"lib\1", (void *) \&\1},/p'\'''
lt_cv_sys_global_symbol_to_cdecl='sed -n -e '\''s/^T .* \(.*\)$/extern int \1();/p'\'' -e '\''s/^[ABCDGIRSTW][ABCDGIRSTW]* .* \(.*\)$/extern char \1;/p'\'''
lt_cv_sys_global_symbol_to_import=
lt_cv_sys_max_cmd_len=1572864
lt_cv_to_host_file_cmd=func_convert_file_noop
lt_cv_to_tool_file_cmd=func_convert_file_noop
lt_cv_truncate_bin='/bin/dd bs=4096 count=1'

## ----------------- ##
## Output variables. ##
## ----------------- ##

ACLOCAL='${SHELL} /home/pf4d/software/issm/trunk/aux-config/missing aclocal-1.15'
ADIC2INCL=''
ADIC2LIB=''
ADIC2_FALSE=''
ADIC2_TRUE='#'
ADJOINTBALANCETHICKNESS2_FALSE='#'
ADJOINTBALANCETHICKNESS2_TRUE=''
ADJOINTBALANCETHICKNESS_FALSE='#'
ADJOINTBALANCETHICKNESS_TRUE=''
ADJOINTHORIZ_FALSE='#'
ADJOINTHORIZ_TRUE=''
ADOLCINCL=''
ADOLCLIB=''
ADOLC_FALSE=''
ADOLC_TRUE='#'
AMDEPBACKSLASH='\'
AMDEP_FALSE='#'
AMDEP_TRUE=''
AMPIINCL=''
AMPILIB=''
AMPI_FALSE=''
AMPI_TRUE='#'
AMTAR='$${TAR-tar}'
AM_BACKSLASH='\'
AM_DEFAULT_V='$(AM_DEFAULT_VERBOSITY)'
AM_DEFAULT_VERBOSITY='0'
AM_V='$(V)'
ANDROIDEXE_FALSE=''
ANDROIDEXE_TRUE='#'
ANDROIDJNI_FALSE=''
ANDROIDJNI_TRUE='#'
ANDROID_FALSE=''
ANDROID_NDKINCL=''
ANDROID_TRUE='#'
AR='ar'
ATLASLIB=''
AUTOCONF='${SHELL} /home/pf4d/software/issm/trunk/aux-config/missing autoconf'
AUTOHEADER='${SHELL} /home/pf4d/software/issm/trunk/aux-config/missing autoheader'
AUTOMAKE='${SHELL} /home/pf4d/software/issm/trunk/aux-config/missing automake-1.15'
AWK='gawk'
BALANCETHICKNESS2_FALSE='#'
BALANCETHICKNESS2_TRUE=''
BALANCETHICKNESSSOFT_FALSE='#'
BALANCETHICKNESSSOFT_TRUE=''
BALANCETHICKNESS_FALSE='#'
BALANCETHICKNESS_TRUE=''
BALANCEVELOCITY_FALSE='#'
BALANCEVELOCITY_TRUE=''
BAMG_FALSE='#'
BAMG_TRUE=''
BLACSINCL=''
BLACSLIB=''
BLASLAPACKINCL=''
BLASLAPACKLIB='-L/home/pf4d/local/openblas/lib -lflapack -lfblas '
BOOSTINCL='-I/home/pf4d/local/boost-1.67.0/include'
BOOSTLIB='-L/home/pf4d/local/boost-1.67.0/lib -lboost_python'
BOOST_FALSE='#'
BOOST_TRUE=''
CC='mpicc'
CCDEPMODE='depmode=gcc3'
CFLAGS='-O3'
CHACOINCL=''
CHACOLIB=''
CHACO_FALSE=''
CHACO_TRUE='#'
CPP='mpicc -E'
CPPFLAGS=''
CXX='mpicxx'
CXXCPP='mpicxx -E'
CXXDEPMODE='depmode=gcc3'
CXXFLAGS='-O3 -std=c++11'
CXXOPTFLAGS='-g -O2 -fPIC'
CYGPATH_W='echo'
DAKOTAFLAGS=''
DAKOTAINCL=''
DAKOTALIB=''
DAKOTA_FALSE=''
DAKOTA_TRUE='#'
DAMAGEEVOLUTION_FALSE='#'
DAMAGEEVOLUTION_TRUE=''
DATE='/bin/date'
DEFS='-DHAVE_CONFIG_H'
DEPDIR='.deps'
DEPTHAVERAGE_FALSE='#'
DEPTHAVERAGE_TRUE=''
DEVELOPMENT_FALSE=''
DEVELOPMENT_TRUE='#'
DLLTOOL='false'
DSYMUTIL=''
DUMPBIN=''
ECHO_C=''
ECHO_N='-n'
ECHO_T=''
EGREP='/bin/grep -E'
ENTHALPY_FALSE='#'
ENTHALPY_TRUE=''
ESA_FALSE='#'
ESA_TRUE=''
ESMFINCL=''
ESMFLIB=''
ESMF_FALSE=''
ESMF_TRUE='#'
EXEEXT=''
EXTRAPOLATION_FALSE='#'
EXTRAPOLATION_TRUE=''
EXTRUDEFROMBASE_FALSE='#'
EXTRUDEFROMBASE_TRUE=''
EXTRUDEFROMTOP_FALSE='#'
EXTRUDEFROMTOP_TRUE=''
F77='mpifort'
FFLAGS='-O3'
FGREP='/bin/grep -F'
FORTRANLIB='-L/usr/lib/x86_64-linux-gnu -lgfortran'
FORTRAN_FALSE='#'
FORTRAN_TRUE=''
FREESURFACEBASE_FALSE='#'
FREESURFACEBASE_TRUE=''
FREESURFACETOP_FALSE='#'
FREESURFACETOP_TRUE=''
GIAIVINS_FALSE='#'
GIAIVINS_TRUE=''
GRAPHICSLIB=''
GREP='/bin/grep'
GSLINCL=''
GSLLIB=''
GSL_FALSE=''
GSL_TRUE='#'
HYDROLOGYDCEFFICIENT_FALSE='#'
HYDROLOGYDCEFFICIENT_TRUE=''
HYDROLOGYDCINEFFICIENT_FALSE='#'
HYDROLOGYDCINEFFICIENT_TRUE=''
HYDROLOGYSHREVE_FALSE='#'
HYDROLOGYSHREVE_TRUE=''
HYDROLOGYSOMMERS_FALSE='#'
HYDROLOGYSOMMERS_TRUE=''
HYPREINCL=''
HYPRELIB=''
INSTALL_DATA='${INSTALL} -m 644'
INSTALL_PROGRAM='${INSTALL}'
INSTALL_SCRIPT='${INSTALL}'
INSTALL_STRIP_PROGRAM='$(install_sh) -c -s'
IOS_FALSE=''
IOS_TRUE='#'
ISSMEXT='.exe'
ISSM_DAKOTA_FALSE=''
ISSM_DAKOTA_TRUE='#'
JAVASCRIPTWRAPPEREXT='.js'
JAVASCRIPT_FALSE=''
JAVASCRIPT_TRUE='#'
KML_FALSE='#'
KML_TRUE=''
KRIGING_FALSE='#'
KRIGING_TRUE=''
L2PROJECTIONBASE_FALSE='#'
L2PROJECTIONBASE_TRUE=''
L2PROJECTIONEPL_FALSE='#'
L2PROJECTIONEPL_TRUE=''
LD='/usr/bin/x86_64-linux-gnu-ld -m elf_x86_64'
LDFLAGS=''
LEVELSET_FALSE='#'
LEVELSET_TRUE=''
LIBOBJS=''
LIBS=''
LIBTOOL='$(SHELL) $(top_builddir)/libtool'
LIPO=''
LN_S='ln -s'
LTLIBOBJS=''
LT_SYS_LIBRARY_PATH=''
M1QN3LIB='/home/pf4d/software/issm/trunk/externalpackages/m1qn3/install/libm1qn3.a /home/pf4d/software/issm/trunk/externalpackages/m1qn3/install//libddot.a'
MAKEINFO='${SHELL} /home/pf4d/software/issm/trunk/aux-config/missing makeinfo'
MANIFEST_TOOL=':'
MASSTRANSPORT_FALSE='#'
MASSTRANSPORT_TRUE=''
MATH77LIB=''
MATHLIB=''
MATLABINCL=''
MATLABWRAPPEREXT=''
MATLAB_FALSE=''
MATLAB_TRUE='#'
MELTING_FALSE='#'
MELTING_TRUE=''
MESHDEFORMATION_FALSE='#'
MESHDEFORMATION_TRUE=''
METEOIOINCL=''
METEOIOLIB=''
METEOIO_FALSE=''
METEOIO_TRUE='#'
METISINCL=''
METISLIB=''
METIS_FALSE='#'
METIS_TRUE=''
MEXLIB=''
MEXLINK=''
MKDIR_P='/bin/mkdir -p'
MKLINCL=''
MKLLIB=''
MLINCL=''
MLLIB=''
MPIINCL='-I/usr/include/mpich'
MPILIB='-L/usr/lib/x86_64-linux-gnu -lmpichcxx -lmpichfort -lmpich -ldl -lrt -lpthread'
MPI_FALSE='#'
MPI_TRUE=''
MULTITHREADINGLIB='-lpthread -lrt'
MUMPSINCL='-I/home/pf4d/local/petsc-3.7.6/include'
MUMPSLIB='-L/home/pf4d/local/petsc-3.7.6/lib -ldmumps -lcmumps  -lmumps_common -lpord -lparmetis -lzmumps -lmetis'
MUMPS_FALSE='#'
MUMPS_TRUE=''
NEOPZINCL=''
NEOPZLIB=''
NEOPZ_FALSE=''
NEOPZ_TRUE='#'
NM='/usr/bin/nm -B'
NMEDIT=''
OBJDUMP='objdump'
OBJEXT='o'
OCEAN_FALSE=''
OCEAN_TRUE='#'
OSLIBS=''
OTOOL64=''
OTOOL=''
PACKAGE='issm'
PACKAGE_BUGREPORT='issm@jpl.nasa.gov'
PACKAGE_NAME='Ice Sheet System Model (ISSM)'
PACKAGE_STRING='Ice Sheet System Model (ISSM) 4.12'
PACKAGE_TARNAME='issm'
PACKAGE_URL='http://issm.jpl.nasa.gov'
PACKAGE_VERSION='4.12'
PASTIXINCL=''
PASTIXLIB=''
PATH_SEPARATOR=':'
PETSCINCL=' -I/home/pf4d/local/petsc-3.7.6/include'
PETSCLIB='-L/home/pf4d/local/petsc-3.7.6/lib -lpetsc -ldl -lparmetis -lmetis'
PETSC_FALSE='#'
PETSC_TRUE=''
PLAPACKINCL=''
PLAPACKLIB=''
PROJ4INCL=''
PROJ4LIB=''
PROJ4_FALSE=''
PROJ4_TRUE='#'
PROMETHEUSINCL=''
PROMETHEUSLIB=''
PYTHON3_FALSE=''
PYTHON3_TRUE='#'
PYTHONINCL='-I/home/pf4d/local/python-2.7.15/include/python2.7'
PYTHONLIB='-L/home/pf4d/local/python-2.7.15/lib -lpython2.7'
PYTHONLINK='-shared'
PYTHONWRAPPEREXT='.so'
PYTHON_FALSE='#'
PYTHON_NUMPYINCL='-I/home/pf4d/local/python-2.7.15/lib/python2.7/site-packages/numpy -I/home/pf4d/local/python-2.7.15/lib/python2.7/site-packages/numpy/core/include/numpy'
PYTHON_TRUE=''
RANLIB='ranlib'
ROSEINCL=''
ROSELIB=''
ROSE_FALSE=''
ROSE_TRUE='#'
SCALAPACKLIB='-L/home/pf4d/local/petsc-3.7.6/ -lscalapack'
SCOTCHINCL=''
SCOTCHLIB=''
SCOTCH_FALSE=''
SCOTCH_TRUE='#'
SEALEVELRISE_FALSE='#'
SEALEVELRISE_TRUE=''
SED='/bin/sed'
SET_MAKE=''
SHAPELIBINCL=''
SHAPELIBLIB=''
SHELL='/bin/bash'
SLEPCINCL=''
SLEPCLIB=''
SMB_FALSE='#'
SMB_TRUE=''
SMOOTH_FALSE='#'
SMOOTH_TRUE=''
SNOWPACKINCL=''
SNOWPACKLIB=''
SNOWPACK_FALSE=''
SNOWPACK_TRUE='#'
SPAIINCL=''
SPAILIB=''
SPOOLESINCL=''
SPOOLESLIB=''
STANDALONE_EXECUTABLES_FALSE=''
STANDALONE_EXECUTABLES_TRUE='#'
STANDALONE_LIBRARIES_FALSE=''
STANDALONE_LIBRARIES_TRUE='#'
STANDALONE_MODULES_FALSE=''
STANDALONE_MODULES_TRUE='#'
STRESSBALANCESIA_FALSE='#'
STRESSBALANCESIA_TRUE=''
STRESSBALANCEVERTICAL_FALSE='#'
STRESSBALANCEVERTICAL_TRUE=''
STRESSBALANCE_FALSE='#'
STRESSBALANCE_TRUE=''
STRIP='strip'
SUPERLUINCL=''
SUPERLULIB=''
TAOINCL=''
TAOLIB=''
THERMAL_FALSE='#'
THERMAL_TRUE=''
TRIANGLEINCL='-I/home/pf4d/software/issm/trunk/externalpackages/triangle/install/'
TRIANGLELIB='/home/pf4d/software/issm/trunk/externalpackages/triangle/install/triangle.a'
TRIANGLE_FALSE='#'
TRIANGLE_TRUE=''
UMFPACKINCL=''
UMFPACKLIB=''
UZAWAPRESSURE_FALSE='#'
UZAWAPRESSURE_TRUE=''
VERSION='4.12'
VERSION_FALSE=''
VERSION_TRUE='#'
WINDOWS_FALSE=''
WINDOWS_TRUE='#'
WRAPPERS_FALSE='#'
WRAPPERS_TRUE=''
ac_ct_AR='ar'
ac_ct_CC=''
ac_ct_CXX=''
ac_ct_DUMPBIN=''
ac_ct_F77=''
am__EXEEXT_FALSE=''
am__EXEEXT_TRUE='#'
am__fastdepCC_FALSE='#'
am__fastdepCC_TRUE=''
am__fastdepCXX_FALSE='#'
am__fastdepCXX_TRUE=''
am__include='include'
am__isrc=''
am__leading_dot='.'
am__nodep='_no'
am__quote=''
am__tar='$${TAR-tar} chof - "$$tardir"'
am__untar='$${TAR-tar} xf -'
bindir='${exec_prefix}/bin'
build='x86_64-pc-linux-gnu'
build_alias=''
build_cpu='x86_64'
build_os='linux-gnu'
build_vendor='pc'
datadir='${datarootdir}'
datarootdir='${prefix}/share'
docdir='${datarootdir}/doc/${PACKAGE_TARNAME}'
dvidir='${docdir}'
exec_prefix='${prefix}'
host='x86_64-pc-linux-gnu'
host_alias=''
host_cpu='x86_64'
host_os='linux'
host_vendor='pc'
htmldir='${docdir}'
includedir='${prefix}/include'
infodir='${datarootdir}/info'
install_sh='${SHELL} /home/pf4d/software/issm/trunk/aux-config/install-sh'
libdir='${exec_prefix}/lib'
libexecdir='${exec_prefix}/libexec'
localedir='${datarootdir}/locale'
localstatedir='${prefix}/var'
mandir='${datarootdir}/man'
mkdir_p='$(MKDIR_P)'
oldincludedir='/usr/include'
pdfdir='${docdir}'
prefix='/home/pf4d/local/issm-4.12'
program_transform_name='s,x,x,'
psdir='${docdir}'
runstatedir='${localstatedir}/run'
sbindir='${exec_prefix}/sbin'
sharedstatedir='${prefix}/com'
sysconfdir='${prefix}/etc'
target='x86_64-pc-linux-gnu'
target_alias=''
target_cpu='x86_64'
target_os='linux-gnu'
target_vendor='pc'

## ----------- ##
## confdefs.h. ##
## ----------- ##

/* confdefs.h */
#define PACKAGE_NAME "Ice Sheet System Model (ISSM)"
#define PACKAGE_TARNAME "issm"
#define PACKAGE_VERSION "4.12"
#define PACKAGE_STRING "Ice Sheet System Model (ISSM) 4.12"
#define PACKAGE_BUGREPORT "issm@jpl.nasa.gov"
#define PACKAGE_URL "http://issm.jpl.nasa.gov"
#define PACKAGE "issm"
#define VERSION "4.12"
#define STDC_HEADERS 1
#define HAVE_SYS_TYPES_H 1
#define HAVE_SYS_STAT_H 1
#define HAVE_STDLIB_H 1
#define HAVE_STRING_H 1
#define HAVE_MEMORY_H 1
#define HAVE_STRINGS_H 1
#define HAVE_INTTYPES_H 1
#define HAVE_STDINT_H 1
#define HAVE_UNISTD_H 1
#define HAVE_DLFCN_H 1
#define LT_OBJDIR ".libs/"
#define PACKAGE_BUILD_DATE "Thu Sep 20 16:37:12 CEST 2018"
#define USER_NAME "pf4d"
#define HOST_OS "linux"
#define HOST_CPU "x86_64"
#define HOST_VENDOR "pc"
#define HOST_OS_NAME "linux"
#define HOST_OS_VERSION "4.15.0-34-generic"
#define HOST_ARCH "x86_64"
#define _HAVE_TRIANGLE_ 1
#define _HAVE_BOOST_ 1
#define _PYTHON_MAJOR_ 2
#define _HAVE_PYTHON_ 1
#define _HAVE_PYTHON_NUMPY_ 1
#define _ADOLC_VERSION_ 2
#define _HAVE_MPI_ 1
#define HAVE_MPI 1
#define _PETSC_MAJOR_ 3
#define _PETSC_MINOR_ 7
#define _HAVE_PETSC_ 1
#define _METIS_VERSION_ 5
#define _HAVE_METIS_ 1
#define _HAVE_TAO_ 1
#define _HAVE_M1QN3_ 1
#define _HAVE_SCALAPACK_ 1
#define _HAVE_BLASLAPACK_ 1
#define _HAVE_MUMPS_ 1
#define _HAVE_FORTRAN_ 1
#define _HAVE_FORTRAN_ 1
#define _HAVE_BAMG_ 1
#define _HAVE_KML_ 1
#define _HAVE_KRIGING_ 1
#define _HAVE_SMB_ 1
#define _HAVE_ADJOINTBALANCETHICKNESS_ 1
#define _HAVE_ADJOINTBALANCETHICKNESS2_ 1
#define _HAVE_ADJOINTHORIZ_ 1
#define _HAVE_BALANCETHICKNESS_ 1
#define _HAVE_BALANCETHICKNESS2_ 1
#define _HAVE_BALANCETHICKNESSSOFT_ 1
#define _HAVE_BALANCEVELOCITY_ 1
#define _HAVE_L2PROJECTIONEPL_ 1
#define _HAVE_L2PROJECTIONBASE_ 1
#define _HAVE_DAMAGEEVOLUTION_ 1
#define _HAVE_STRESSBALANCE_ 1
#define _HAVE_STRESSBALANCESIA_ 1
#define _HAVE_STRESSBALANCEVERTICAL_ 1
#define _HAVE_ENTHALPY_ 1
#define _HAVE_HYDROLOGYSHREVE_ 1
#define _HAVE_HYDROLOGYDCINEFFICIENT_ 1
#define _HAVE_HYDROLOGYDCEFFICIENT_ 1
#define _HAVE_HYDROLOGYSOMMERS_ 1
#define _HAVE_MELTING_ 1
#define _HAVE_MASSTRANSPORT_ 1
#define _HAVE_FREESURFACEBASE_ 1
#define _HAVE_FREESURFACETOP_ 1
#define _HAVE_EXTRUDEFROMBASE_ 1
#define _HAVE_EXTRUDEFROMTOP_ 1
#define _HAVE_DEPTHAVERAGE_ 1
#define _HAVE_SEALEVELRISE_ 1
#define _HAVE_SMOOTH_ 1
#define _HAVE_THERMAL_ 1
#define _HAVE_UZAWAPRESSURE_ 1
#define _HAVE_GIAIVINS_ 1
#define _HAVE_ESA_ 1
#define _HAVE_MESHDEFORMATION_ 1
#define _HAVE_LEVELSET_ 1
#define _HAVE_EXTRAPOLATION_ 1
#define _MULTITHREADING_ 1
#define _NUMTHREADS_ 5
#define ISSM_USE_64BIT_INDICES 0

configure: exit 0

## ---------------------- ##
## Running config.status. ##
## ---------------------- ##

This file was extended by Ice Sheet System Model (ISSM) config.status 4.12, which was
generated by GNU Autoconf 2.69.  Invocation command line was

  CONFIG_FILES    = 
  CONFIG_HEADERS  = 
  CONFIG_LINKS    = 
  CONFIG_COMMANDS = 
  $ ./config.status 

on torch

config.status:1529: creating Makefile
config.status:1529: creating src/Makefile
config.status:1529: creating src/c/Makefile
config.status:1529: creating src/wrappers/Makefile
config.status:1529: creating src/wrappers/python/Makefile
config.status:1529: creating src/wrappers/matlab/Makefile
config.status:1529: creating src/wrappers/javascript/Makefile
config.status:1529: creating src/mobile/Makefile
config.status:1529: creating src/mobile/native/Makefile
config.status:1529: creating src/m/Makefile
config.status:1529: creating ./config.h
config.status:1710: ./config.h is unchanged
config.status:1758: executing depfiles commands
config.status:1758: executing libtool commands
